2019-04-15 02:29:56<xml><ToUserName><![CDATA[gh_58f350a932b4]]></ToUserName>
<FromUserName><![CDATA[oMdU-1ABC-2YgZmzUTBE7qXLTvbw]]></FromUserName>
<CreateTime>1555293353</CreateTime>
<MsgType><![CDATA[event]]></MsgType>
<Event><![CDATA[subscribe]]></Event>
<EventKey><![CDATA[]]></EventKey>
</xml>

2019-04-15 02:32:14<xml><ToUserName><![CDATA[gh_58f350a932b4]]></ToUserName>
<FromUserName><![CDATA[oMdU-1ABC-2YgZmzUTBE7qXLTvbw]]></FromUserName>
<CreateTime>1555293353</CreateTime>
<MsgType><![CDATA[event]]></MsgType>
<Event><![CDATA[subscribe]]></Event>
<EventKey><![CDATA[]]></EventKey>
</xml>

2019-04-15 02:41:48<xml><ToUserName><![CDATA[gh_58f350a932b4]]></ToUserName>
<FromUserName><![CDATA[oMdU-1ABC-2YgZmzUTBE7qXLTvbw]]></FromUserName>
<CreateTime>1555293353</CreateTime>
<MsgType><![CDATA[event]]></MsgType>
<Event><![CDATA[subscribe]]></Event>
<EventKey><![CDATA[]]></EventKey>
</xml>

2019-04-15 02:49:38<xml><ToUserName><![CDATA[gh_58f350a932b4]]></ToUserName>
<FromUserName><![CDATA[oMdU-1ABC-2YgZmzUTBE7qXLTvbw]]></FromUserName>
<CreateTime>1555293353</CreateTime>
<MsgType><![CDATA[event]]></MsgType>
<Event><![CDATA[subscribe]]></Event>
<EventKey><![CDATA[]]></EventKey>
</xml>

2019-04-15 02:53:57<xml><ToUserName><![CDATA[gh_58f350a932b4]]></ToUserName>
<FromUserName><![CDATA[oMdU-1ABC-2YgZmzUTBE7qXLTvbw]]></FromUserName>
<CreateTime>1555293353</CreateTime>
<MsgType><![CDATA[event]]></MsgType>
<Event><![CDATA[subscribe]]></Event>
<EventKey><![CDATA[]]></EventKey>
</xml>

2019-04-15 02:54:36<xml><ToUserName><![CDATA[gh_58f350a932b4]]></ToUserName>
<FromUserName><![CDATA[oMdU-1ABC-2YgZmzUTBE7qXLTvbw]]></FromUserName>
<CreateTime>1555293353</CreateTime>
<MsgType><![CDATA[event]]></MsgType>
<Event><![CDATA[subscribe]]></Event>
<EventKey><![CDATA[]]></EventKey>
</xml>

2019-04-15 02:54:59<xml><ToUserName><![CDATA[gh_58f350a932b4]]></ToUserName>
<FromUserName><![CDATA[oMdU-1ABC-2YgZmzUTBE7qXLTvbw]]></FromUserName>
<CreateTime>1555293353</CreateTime>
<MsgType><![CDATA[event]]></MsgType>
<Event><![CDATA[subscribe]]></Event>
<EventKey><![CDATA[]]></EventKey>
</xml>

2019-04-15 02:56:08<xml><ToUserName><![CDATA[gh_58f350a932b4]]></ToUserName>
<FromUserName><![CDATA[oMdU-1ABC-2YgZmzUTBE7qXLTvbw]]></FromUserName>
<CreateTime>1555293353</CreateTime>
<MsgType><![CDATA[event]]></MsgType>
<Event><![CDATA[subscribe]]></Event>
<EventKey><![CDATA[]]></EventKey>
</xml>

2019-04-15 02:56:23<xml><ToUserName><![CDATA[gh_58f350a932b4]]></ToUserName>
<FromUserName><![CDATA[oMdU-1ABC-2YgZmzUTBE7qXLTvbw]]></FromUserName>
<CreateTime>1555293353</CreateTime>
<MsgType><![CDATA[event]]></MsgType>
<Event><![CDATA[subscribe]]></Event>
<EventKey><![CDATA[]]></EventKey>
</xml>

2019-04-15 02:59:44<xml><ToUserName><![CDATA[gh_58f350a932b4]]></ToUserName>
<FromUserName><![CDATA[oMdU-1ABC-2YgZmzUTBE7qXLTvbw]]></FromUserName>
<CreateTime>1555293353</CreateTime>
<MsgType><![CDATA[event]]></MsgType>
<Event><![CDATA[subscribe]]></Event>
<EventKey><![CDATA[]]></EventKey>
</xml>

2019-04-15 03:00:00<xml><ToUserName><![CDATA[gh_58f350a932b4]]></ToUserName>
<FromUserName><![CDATA[oMdU-1ABC-2YgZmzUTBE7qXLTvbw]]></FromUserName>
<CreateTime>1555293353</CreateTime>
<MsgType><![CDATA[event]]></MsgType>
<Event><![CDATA[subscribe]]></Event>
<EventKey><![CDATA[]]></EventKey>
</xml>

2019-04-15 03:13:08<xml><ToUserName><![CDATA[gh_58f350a932b4]]></ToUserName>
<FromUserName><![CDATA[oMdU-1ABC-2YgZmzUTBE7qXLTvbw]]></FromUserName>
<CreateTime>1555293353</CreateTime>
<MsgType><![CDATA[event]]></MsgType>
<Event><![CDATA[subscribe]]></Event>
<EventKey><![CDATA[]]></EventKey>
</xml>

2019-04-15 04:03:16<xml><ToUserName><![CDATA[gh_58f350a932b4]]></ToUserName>
<FromUserName><![CDATA[oMdU-1ABC-2YgZmzUTBE7qXLTvbw]]></FromUserName>
<CreateTime>1555293353</CreateTime>
<MsgType><![CDATA[event]]></MsgType>
<Event><![CDATA[subscribe]]></Event>
<EventKey><![CDATA[]]></EventKey>
</xml>

2019-04-15 10:52:10<xml><ToUserName><![CDATA[gh_58f350a932b4]]></ToUserName>
<FromUserName><![CDATA[oMdU-1ABC-2YgZmzUTBE7qXLTvbw]]></FromUserName>
<CreateTime>1555323243</CreateTime>
<MsgType><![CDATA[text]]></MsgType>
<Content><![CDATA[he is not going anywhere else but he is so excited.]]></Content>
<MsgId>22266873291710957</MsgId>
</xml>
2019-04-15 10:53:23<xml><ToUserName><![CDATA[gh_58f350a932b4]]></ToUserName>
<FromUserName><![CDATA[oMdU-1ABC-2YgZmzUTBE7qXLTvbw]]></FromUserName>
<CreateTime>1555323243</CreateTime>
<MsgType><![CDATA[text]]></MsgType>
<Content><![CDATA[he is not going anywhere else but he is so excited.]]></Content>
<MsgId>22266873291710957</MsgId>
</xml>
2019-04-15 10:54:07<xml><ToUserName><![CDATA[gh_58f350a932b4]]></ToUserName>
<FromUserName><![CDATA[oMdU-1ABC-2YgZmzUTBE7qXLTvbw]]></FromUserName>
<CreateTime>1555323243</CreateTime>
<MsgType><![CDATA[text]]></MsgType>
<Content><![CDATA[he is not going anywhere else but he is so excited.]]></Content>
<MsgId>22266873291710957</MsgId>
</xml>
2019-04-15 10:55:57<xml><ToUserName><![CDATA[gh_58f350a932b4]]></ToUserName>
<FromUserName><![CDATA[oMdU-1ABC-2YgZmzUTBE7qXLTvbw]]></FromUserName>
<CreateTime>1555325719</CreateTime>
<MsgType><![CDATA[voice]]></MsgType>
<MediaId><![CDATA[rjcx714fSr8IAuft469PR_ioYg2DSrdloaXLdoMOw54OY1IbKqOfrWFIE-SQOX3q]]></MediaId>
<Format><![CDATA[amr]]></Format>
<MsgId>22266913929617972</MsgId>
<Recognition><![CDATA[]]></Recognition>
</xml>
2019-04-15 10:58:36<xml><ToUserName><![CDATA[gh_58f350a932b4]]></ToUserName>
<FromUserName><![CDATA[oMdU-1ABC-2YgZmzUTBE7qXLTvbw]]></FromUserName>
<CreateTime>1555325719</CreateTime>
<MsgType><![CDATA[voice]]></MsgType>
<MediaId><![CDATA[rjcx714fSr8IAuft469PR_ioYg2DSrdloaXLdoMOw54OY1IbKqOfrWFIE-SQOX3q]]></MediaId>
<Format><![CDATA[amr]]></Format>
<MsgId>22266913929617972</MsgId>
<Recognition><![CDATA[]]></Recognition>
</xml>
2019-04-15 10:59:06<xml><ToUserName><![CDATA[gh_58f350a932b4]]></ToUserName>
<FromUserName><![CDATA[oMdU-1ABC-2YgZmzUTBE7qXLTvbw]]></FromUserName>
<CreateTime>1555325719</CreateTime>
<MsgType><![CDATA[voice]]></MsgType>
<MediaId><![CDATA[rjcx714fSr8IAuft469PR_ioYg2DSrdloaXLdoMOw54OY1IbKqOfrWFIE-SQOX3q]]></MediaId>
<Format><![CDATA[amr]]></Format>
<MsgId>22266913929617972</MsgId>
<Recognition><![CDATA[]]></Recognition>
</xml>
2019-04-15 11:01:30<xml><ToUserName><![CDATA[gh_58f350a932b4]]></ToUserName>
<FromUserName><![CDATA[oMdU-1ABC-2YgZmzUTBE7qXLTvbw]]></FromUserName>
<CreateTime>1555325719</CreateTime>
<MsgType><![CDATA[voice]]></MsgType>
<MediaId><![CDATA[rjcx714fSr8IAuft469PR_ioYg2DSrdloaXLdoMOw54OY1IbKqOfrWFIE-SQOX3q]]></MediaId>
<Format><![CDATA[amr]]></Format>
<MsgId>22266913929617972</MsgId>
<Recognition><![CDATA[]]></Recognition>
</xml>
2019-04-15 11:02:40<xml><ToUserName><![CDATA[gh_58f350a932b4]]></ToUserName>
<FromUserName><![CDATA[oMdU-1ABC-2YgZmzUTBE7qXLTvbw]]></FromUserName>
<CreateTime>1555325719</CreateTime>
<MsgType><![CDATA[voice]]></MsgType>
<MediaId><![CDATA[rjcx714fSr8IAuft469PR_ioYg2DSrdloaXLdoMOw54OY1IbKqOfrWFIE-SQOX3q]]></MediaId>
<Format><![CDATA[amr]]></Format>
<MsgId>22266913929617972</MsgId>
<Recognition><![CDATA[]]></Recognition>
</xml>
2019-04-15 11:04:04<xml><ToUserName><![CDATA[gh_58f350a932b4]]></ToUserName>
<FromUserName><![CDATA[oMdU-1ABC-2YgZmzUTBE7qXLTvbw]]></FromUserName>
<CreateTime>1555325719</CreateTime>
<MsgType><![CDATA[voice]]></MsgType>
<MediaId><![CDATA[rjcx714fSr8IAuft469PR_ioYg2DSrdloaXLdoMOw54OY1IbKqOfrWFIE-SQOX3q]]></MediaId>
<Format><![CDATA[amr]]></Format>
<MsgId>22266913929617972</MsgId>
<Recognition><![CDATA[]]></Recognition>
</xml>
2019-04-15 11:25:39<xml><ToUserName><![CDATA[gh_58f350a932b4]]></ToUserName>
<FromUserName><![CDATA[oMdU-1ABC-2YgZmzUTBE7qXLTvbw]]></FromUserName>
<CreateTime>1555325719</CreateTime>
<MsgType><![CDATA[voice]]></MsgType>
<MediaId><![CDATA[rjcx714fSr8IAuft469PR_ioYg2DSrdloaXLdoMOw54OY1IbKqOfrWFIE-SQOX3q]]></MediaId>
<Format><![CDATA[amr]]></Format>
<MsgId>22266913929617972</MsgId>
<Recognition><![CDATA[]]></Recognition>
</xml>
2019-04-15 11:26:34<xml><ToUserName><![CDATA[gh_58f350a932b4]]></ToUserName>
<FromUserName><![CDATA[oMdU-1ABC-2YgZmzUTBE7qXLTvbw]]></FromUserName>
<CreateTime>1555325719</CreateTime>
<MsgType><![CDATA[voice]]></MsgType>
<MediaId><![CDATA[rjcx714fSr8IAuft469PR_ioYg2DSrdloaXLdoMOw54OY1IbKqOfrWFIE-SQOX3q]]></MediaId>
<Format><![CDATA[amr]]></Format>
<MsgId>22266913929617972</MsgId>
<Recognition><![CDATA[]]></Recognition>
</xml>
2019-04-15 11:48:18<xml><ToUserName><![CDATA[gh_58f350a932b4]]></ToUserName>
<FromUserName><![CDATA[oMdU-1ABC-2YgZmzUTBE7qXLTvbw]]></FromUserName>
<CreateTime>1555325719</CreateTime>
<MsgType><![CDATA[voice]]></MsgType>
<MediaId><![CDATA[rjcx714fSr8IAuft469PR_ioYg2DSrdloaXLdoMOw54OY1IbKqOfrWFIE-SQOX3q]]></MediaId>
<Format><![CDATA[amr]]></Format>
<MsgId>22266913929617972</MsgId>
<Recognition><![CDATA[]]></Recognition>
</xml>
2019-04-15 11:49:24<xml><ToUserName><![CDATA[gh_58f350a932b4]]></ToUserName>
<FromUserName><![CDATA[oMdU-1ABC-2YgZmzUTBE7qXLTvbw]]></FromUserName>
<CreateTime>1555325719</CreateTime>
<MsgType><![CDATA[voice]]></MsgType>
<MediaId><![CDATA[rjcx714fSr8IAuft469PR_ioYg2DSrdloaXLdoMOw54OY1IbKqOfrWFIE-SQOX3q]]></MediaId>
<Format><![CDATA[amr]]></Format>
<MsgId>22266913929617972</MsgId>
<Recognition><![CDATA[]]></Recognition>
</xml>
2019-04-15 11:57:47<xml><ToUserName><![CDATA[gh_58f350a932b4]]></ToUserName>
<FromUserName><![CDATA[oMdU-1ABC-2YgZmzUTBE7qXLTvbw]]></FromUserName>
<CreateTime>1555329329</CreateTime>
<MsgType><![CDATA[image]]></MsgType>
<PicUrl><![CDATA[http://mmbiz.qpic.cn/mmbiz_jpg/lJicRYBibaicGcgnCAvE1JlWiaL3jAiaiaqlojOzhSMAiceq4eZ0ovYibvMnNibEt6icmGGicibb5VKNZmSJHuqCej6L9ianftA/0]]></PicUrl>
<MsgId>22266961683660938</MsgId>
<MediaId><![CDATA[Qcv5wYZYT5q080Zsy2qy8e4qY8ktBr6HDd4DHjC-ln4IOHQPTUczFR9uqbTQlKwZ]]></MediaId>
</xml>
2019-04-15 12:00:03<xml><ToUserName><![CDATA[gh_58f350a932b4]]></ToUserName>
<FromUserName><![CDATA[oMdU-1ABC-2YgZmzUTBE7qXLTvbw]]></FromUserName>
<CreateTime>1555329329</CreateTime>
<MsgType><![CDATA[image]]></MsgType>
<PicUrl><![CDATA[http://mmbiz.qpic.cn/mmbiz_jpg/lJicRYBibaicGcgnCAvE1JlWiaL3jAiaiaqlojOzhSMAiceq4eZ0ovYibvMnNibEt6icmGGicibb5VKNZmSJHuqCej6L9ianftA/0]]></PicUrl>
<MsgId>22266961683660938</MsgId>
<MediaId><![CDATA[Qcv5wYZYT5q080Zsy2qy8e4qY8ktBr6HDd4DHjC-ln4IOHQPTUczFR9uqbTQlKwZ]]></MediaId>
</xml>
2019-04-15 12:01:56<xml><ToUserName><![CDATA[gh_58f350a932b4]]></ToUserName>
<FromUserName><![CDATA[oMdU-1ABC-2YgZmzUTBE7qXLTvbw]]></FromUserName>
<CreateTime>1555329329</CreateTime>
<MsgType><![CDATA[image]]></MsgType>
<PicUrl><![CDATA[http://mmbiz.qpic.cn/mmbiz_jpg/lJicRYBibaicGcgnCAvE1JlWiaL3jAiaiaqlojOzhSMAiceq4eZ0ovYibvMnNibEt6icmGGicibb5VKNZmSJHuqCej6L9ianftA/0]]></PicUrl>
<MsgId>22266961683660938</MsgId>
<MediaId><![CDATA[Qcv5wYZYT5q080Zsy2qy8e4qY8ktBr6HDd4DHjC-ln4IOHQPTUczFR9uqbTQlKwZ]]></MediaId>
</xml>
2019-04-15 12:04:11<xml><ToUserName><![CDATA[gh_58f350a932b4]]></ToUserName>
<FromUserName><![CDATA[oMdU-1ABC-2YgZmzUTBE7qXLTvbw]]></FromUserName>
<CreateTime>1555329329</CreateTime>
<MsgType><![CDATA[image]]></MsgType>
<PicUrl><![CDATA[http://mmbiz.qpic.cn/mmbiz_jpg/lJicRYBibaicGcgnCAvE1JlWiaL3jAiaiaqlojOzhSMAiceq4eZ0ovYibvMnNibEt6icmGGicibb5VKNZmSJHuqCej6L9ianftA/0]]></PicUrl>
<MsgId>22266961683660938</MsgId>
<MediaId><![CDATA[Qcv5wYZYT5q080Zsy2qy8e4qY8ktBr6HDd4DHjC-ln4IOHQPTUczFR9uqbTQlKwZ]]></MediaId>
</xml>
2019-04-15 12:04:35<xml><ToUserName><![CDATA[gh_58f350a932b4]]></ToUserName>
<FromUserName><![CDATA[oMdU-1ABC-2YgZmzUTBE7qXLTvbw]]></FromUserName>
<CreateTime>1555329329</CreateTime>
<MsgType><![CDATA[image]]></MsgType>
<PicUrl><![CDATA[http://mmbiz.qpic.cn/mmbiz_jpg/lJicRYBibaicGcgnCAvE1JlWiaL3jAiaiaqlojOzhSMAiceq4eZ0ovYibvMnNibEt6icmGGicibb5VKNZmSJHuqCej6L9ianftA/0]]></PicUrl>
<MsgId>22266961683660938</MsgId>
<MediaId><![CDATA[Qcv5wYZYT5q080Zsy2qy8e4qY8ktBr6HDd4DHjC-ln4IOHQPTUczFR9uqbTQlKwZ]]></MediaId>
</xml>
2019-04-15 12:09:39<xml><ToUserName><![CDATA[gh_58f350a932b4]]></ToUserName>
<FromUserName><![CDATA[oMdU-1ABC-2YgZmzUTBE7qXLTvbw]]></FromUserName>
<CreateTime>1555329329</CreateTime>
<MsgType><![CDATA[image]]></MsgType>
<PicUrl><![CDATA[http://mmbiz.qpic.cn/mmbiz_jpg/lJicRYBibaicGcgnCAvE1JlWiaL3jAiaiaqlojOzhSMAiceq4eZ0ovYibvMnNibEt6icmGGicibb5VKNZmSJHuqCej6L9ianftA/0]]></PicUrl>
<MsgId>22266961683660938</MsgId>
<MediaId><![CDATA[Qcv5wYZYT5q080Zsy2qy8e4qY8ktBr6HDd4DHjC-ln4IOHQPTUczFR9uqbTQlKwZ]]></MediaId>
</xml>
2019-04-15 12:11:56<xml><ToUserName><![CDATA[gh_58f350a932b4]]></ToUserName>
<FromUserName><![CDATA[oMdU-1ABC-2YgZmzUTBE7qXLTvbw]]></FromUserName>
<CreateTime>1555329329</CreateTime>
<MsgType><![CDATA[image]]></MsgType>
<PicUrl><![CDATA[http://mmbiz.qpic.cn/mmbiz_jpg/lJicRYBibaicGcgnCAvE1JlWiaL3jAiaiaqlojOzhSMAiceq4eZ0ovYibvMnNibEt6icmGGicibb5VKNZmSJHuqCej6L9ianftA/0]]></PicUrl>
<MsgId>22266961683660938</MsgId>
<MediaId><![CDATA[Qcv5wYZYT5q080Zsy2qy8e4qY8ktBr6HDd4DHjC-ln4IOHQPTUczFR9uqbTQlKwZ]]></MediaId>
</xml>
2019-04-15 12:12:33<xml><ToUserName><![CDATA[gh_58f350a932b4]]></ToUserName>
<FromUserName><![CDATA[oMdU-1ABC-2YgZmzUTBE7qXLTvbw]]></FromUserName>
<CreateTime>1555329329</CreateTime>
<MsgType><![CDATA[image]]></MsgType>
<PicUrl><![CDATA[http://mmbiz.qpic.cn/mmbiz_jpg/lJicRYBibaicGcgnCAvE1JlWiaL3jAiaiaqlojOzhSMAiceq4eZ0ovYibvMnNibEt6icmGGicibb5VKNZmSJHuqCej6L9ianftA/0]]></PicUrl>
<MsgId>22266961683660938</MsgId>
<MediaId><![CDATA[Qcv5wYZYT5q080Zsy2qy8e4qY8ktBr6HDd4DHjC-ln4IOHQPTUczFR9uqbTQlKwZ]]></MediaId>
</xml>
2019-04-15 12:17:12<xml><ToUserName><![CDATA[gh_58f350a932b4]]></ToUserName>
<FromUserName><![CDATA[oMdU-1ABC-2YgZmzUTBE7qXLTvbw]]></FromUserName>
<CreateTime>1555329329</CreateTime>
<MsgType><![CDATA[image]]></MsgType>
<PicUrl><![CDATA[http://mmbiz.qpic.cn/mmbiz_jpg/lJicRYBibaicGcgnCAvE1JlWiaL3jAiaiaqlojOzhSMAiceq4eZ0ovYibvMnNibEt6icmGGicibb5VKNZmSJHuqCej6L9ianftA/0]]></PicUrl>
<MsgId>22266961683660938</MsgId>
<MediaId><![CDATA[Qcv5wYZYT5q080Zsy2qy8e4qY8ktBr6HDd4DHjC-ln4IOHQPTUczFR9uqbTQlKwZ]]></MediaId>
</xml>
2019-04-15 12:20:53<xml><ToUserName><![CDATA[gh_58f350a932b4]]></ToUserName>
<FromUserName><![CDATA[oMdU-1ABC-2YgZmzUTBE7qXLTvbw]]></FromUserName>
<CreateTime>1555329329</CreateTime>
<MsgType><![CDATA[image]]></MsgType>
<PicUrl><![CDATA[http://mmbiz.qpic.cn/mmbiz_jpg/lJicRYBibaicGcgnCAvE1JlWiaL3jAiaiaqlojOzhSMAiceq4eZ0ovYibvMnNibEt6icmGGicibb5VKNZmSJHuqCej6L9ianftA/0]]></PicUrl>
<MsgId>22266961683660938</MsgId>
<MediaId><![CDATA[Qcv5wYZYT5q080Zsy2qy8e4qY8ktBr6HDd4DHjC-ln4IOHQPTUczFR9uqbTQlKwZ]]></MediaId>
</xml>
2019-04-15 12:21:47<xml><ToUserName><![CDATA[gh_58f350a932b4]]></ToUserName>
<FromUserName><![CDATA[oMdU-1ABC-2YgZmzUTBE7qXLTvbw]]></FromUserName>
<CreateTime>1555329329</CreateTime>
<MsgType><![CDATA[image]]></MsgType>
<PicUrl><![CDATA[http://mmbiz.qpic.cn/mmbiz_jpg/lJicRYBibaicGcgnCAvE1JlWiaL3jAiaiaqlojOzhSMAiceq4eZ0ovYibvMnNibEt6icmGGicibb5VKNZmSJHuqCej6L9ianftA/0]]></PicUrl>
<MsgId>22266961683660938</MsgId>
<MediaId><![CDATA[Qcv5wYZYT5q080Zsy2qy8e4qY8ktBr6HDd4DHjC-ln4IOHQPTUczFR9uqbTQlKwZ]]></MediaId>
</xml>
2019-04-15 12:34:56<xml><ToUserName><![CDATA[gh_58f350a932b4]]></ToUserName>
<FromUserName><![CDATA[oMdU-1ABC-2YgZmzUTBE7qXLTvbw]]></FromUserName>
<CreateTime>1555329329</CreateTime>
<MsgType><![CDATA[image]]></MsgType>
<PicUrl><![CDATA[http://mmbiz.qpic.cn/mmbiz_jpg/lJicRYBibaicGcgnCAvE1JlWiaL3jAiaiaqlojOzhSMAiceq4eZ0ovYibvMnNibEt6icmGGicibb5VKNZmSJHuqCej6L9ianftA/0]]></PicUrl>
<MsgId>22266961683660938</MsgId>
<MediaId><![CDATA[Qcv5wYZYT5q080Zsy2qy8e4qY8ktBr6HDd4DHjC-ln4IOHQPTUczFR9uqbTQlKwZ]]></MediaId>
</xml>
2019-04-15 12:38:50<xml><ToUserName><![CDATA[gh_58f350a932b4]]></ToUserName>
<FromUserName><![CDATA[oMdU-1ABC-2YgZmzUTBE7qXLTvbw]]></FromUserName>
<CreateTime>1555329329</CreateTime>
<MsgType><![CDATA[image]]></MsgType>
<PicUrl><![CDATA[http://mmbiz.qpic.cn/mmbiz_jpg/lJicRYBibaicGcgnCAvE1JlWiaL3jAiaiaqlojOzhSMAiceq4eZ0ovYibvMnNibEt6icmGGicibb5VKNZmSJHuqCej6L9ianftA/0]]></PicUrl>
<MsgId>22266961683660938</MsgId>
<MediaId><![CDATA[Qcv5wYZYT5q080Zsy2qy8e4qY8ktBr6HDd4DHjC-ln4IOHQPTUczFR9uqbTQlKwZ]]></MediaId>
</xml>
2019-04-15 12:59:00<xml><ToUserName><![CDATA[gh_58f350a932b4]]></ToUserName>
<FromUserName><![CDATA[oMdU-1ABC-2YgZmzUTBE7qXLTvbw]]></FromUserName>
<CreateTime>1555329329</CreateTime>
<MsgType><![CDATA[image]]></MsgType>
<PicUrl><![CDATA[http://mmbiz.qpic.cn/mmbiz_jpg/lJicRYBibaicGcgnCAvE1JlWiaL3jAiaiaqlojOzhSMAiceq4eZ0ovYibvMnNibEt6icmGGicibb5VKNZmSJHuqCej6L9ianftA/0]]></PicUrl>
<MsgId>22266961683660938</MsgId>
<MediaId><![CDATA[Qcv5wYZYT5q080Zsy2qy8e4qY8ktBr6HDd4DHjC-ln4IOHQPTUczFR9uqbTQlKwZ]]></MediaId>
</xml>
2019-04-15 13:00:58<xml><ToUserName><![CDATA[gh_58f350a932b4]]></ToUserName>
<FromUserName><![CDATA[oMdU-1ABC-2YgZmzUTBE7qXLTvbw]]></FromUserName>
<CreateTime>1555329329</CreateTime>
<MsgType><![CDATA[image]]></MsgType>
<PicUrl><![CDATA[http://mmbiz.qpic.cn/mmbiz_jpg/lJicRYBibaicGcgnCAvE1JlWiaL3jAiaiaqlojOzhSMAiceq4eZ0ovYibvMnNibEt6icmGGicibb5VKNZmSJHuqCej6L9ianftA/0]]></PicUrl>
<MsgId>22266961683660938</MsgId>
<MediaId><![CDATA[Qcv5wYZYT5q080Zsy2qy8e4qY8ktBr6HDd4DHjC-ln4IOHQPTUczFR9uqbTQlKwZ]]></MediaId>
</xml>
2019-04-15 13:04:05<xml><ToUserName><![CDATA[gh_58f350a932b4]]></ToUserName>
<FromUserName><![CDATA[oMdU-1ABC-2YgZmzUTBE7qXLTvbw]]></FromUserName>
<CreateTime>1555329329</CreateTime>
<MsgType><![CDATA[image]]></MsgType>
<PicUrl><![CDATA[http://mmbiz.qpic.cn/mmbiz_jpg/lJicRYBibaicGcgnCAvE1JlWiaL3jAiaiaqlojOzhSMAiceq4eZ0ovYibvMnNibEt6icmGGicibb5VKNZmSJHuqCej6L9ianftA/0]]></PicUrl>
<MsgId>22266961683660938</MsgId>
<MediaId><![CDATA[Qcv5wYZYT5q080Zsy2qy8e4qY8ktBr6HDd4DHjC-ln4IOHQPTUczFR9uqbTQlKwZ]]></MediaId>
</xml>
2019-04-15 13:04:55<xml><ToUserName><![CDATA[gh_58f350a932b4]]></ToUserName>
<FromUserName><![CDATA[oMdU-1ABC-2YgZmzUTBE7qXLTvbw]]></FromUserName>
<CreateTime>1555329329</CreateTime>
<MsgType><![CDATA[image]]></MsgType>
<PicUrl><![CDATA[http://mmbiz.qpic.cn/mmbiz_jpg/lJicRYBibaicGcgnCAvE1JlWiaL3jAiaiaqlojOzhSMAiceq4eZ0ovYibvMnNibEt6icmGGicibb5VKNZmSJHuqCej6L9ianftA/0]]></PicUrl>
<MsgId>22266961683660938</MsgId>
<MediaId><![CDATA[Qcv5wYZYT5q080Zsy2qy8e4qY8ktBr6HDd4DHjC-ln4IOHQPTUczFR9uqbTQlKwZ]]></MediaId>
</xml>
2019-04-15 13:07:09<xml><ToUserName><![CDATA[gh_58f350a932b4]]></ToUserName>
<FromUserName><![CDATA[oMdU-1ABC-2YgZmzUTBE7qXLTvbw]]></FromUserName>
<CreateTime>1555329329</CreateTime>
<MsgType><![CDATA[image]]></MsgType>
<PicUrl><![CDATA[http://mmbiz.qpic.cn/mmbiz_jpg/lJicRYBibaicGcgnCAvE1JlWiaL3jAiaiaqlojOzhSMAiceq4eZ0ovYibvMnNibEt6icmGGicibb5VKNZmSJHuqCej6L9ianftA/0]]></PicUrl>
<MsgId>22266961683660938</MsgId>
<MediaId><![CDATA[Qcv5wYZYT5q080Zsy2qy8e4qY8ktBr6HDd4DHjC-ln4IOHQPTUczFR9uqbTQlKwZ]]></MediaId>
</xml>
2019-04-15 13:10:31<xml><ToUserName><![CDATA[gh_58f350a932b4]]></ToUserName>
<FromUserName><![CDATA[oMdU-1ABC-2YgZmzUTBE7qXLTvbw]]></FromUserName>
<CreateTime>1555329329</CreateTime>
<MsgType><![CDATA[image]]></MsgType>
<PicUrl><![CDATA[http://mmbiz.qpic.cn/mmbiz_jpg/lJicRYBibaicGcgnCAvE1JlWiaL3jAiaiaqlojOzhSMAiceq4eZ0ovYibvMnNibEt6icmGGicibb5VKNZmSJHuqCej6L9ianftA/0]]></PicUrl>
<MsgId>22266961683660938</MsgId>
<MediaId><![CDATA[Qcv5wYZYT5q080Zsy2qy8e4qY8ktBr6HDd4DHjC-ln4IOHQPTUczFR9uqbTQlKwZ]]></MediaId>
</xml>
2019-04-15 13:12:29<xml><ToUserName><![CDATA[gh_58f350a932b4]]></ToUserName>
<FromUserName><![CDATA[oMdU-1ABC-2YgZmzUTBE7qXLTvbw]]></FromUserName>
<CreateTime>1555329329</CreateTime>
<MsgType><![CDATA[image]]></MsgType>
<PicUrl><![CDATA[http://mmbiz.qpic.cn/mmbiz_jpg/lJicRYBibaicGcgnCAvE1JlWiaL3jAiaiaqlojOzhSMAiceq4eZ0ovYibvMnNibEt6icmGGicibb5VKNZmSJHuqCej6L9ianftA/0]]></PicUrl>
<MsgId>22266961683660938</MsgId>
<MediaId><![CDATA[Qcv5wYZYT5q080Zsy2qy8e4qY8ktBr6HDd4DHjC-ln4IOHQPTUczFR9uqbTQlKwZ]]></MediaId>
</xml>
2019-04-15 13:13:07<xml><ToUserName><![CDATA[gh_58f350a932b4]]></ToUserName>
<FromUserName><![CDATA[oMdU-1ABC-2YgZmzUTBE7qXLTvbw]]></FromUserName>
<CreateTime>1555329329</CreateTime>
<MsgType><![CDATA[image]]></MsgType>
<PicUrl><![CDATA[http://mmbiz.qpic.cn/mmbiz_jpg/lJicRYBibaicGcgnCAvE1JlWiaL3jAiaiaqlojOzhSMAiceq4eZ0ovYibvMnNibEt6icmGGicibb5VKNZmSJHuqCej6L9ianftA/0]]></PicUrl>
<MsgId>22266961683660938</MsgId>
<MediaId><![CDATA[Qcv5wYZYT5q080Zsy2qy8e4qY8ktBr6HDd4DHjC-ln4IOHQPTUczFR9uqbTQlKwZ]]></MediaId>
</xml>
2019-04-15 13:20:44<xml><ToUserName><![CDATA[gh_58f350a932b4]]></ToUserName>
<FromUserName><![CDATA[oMdU-1ABC-2YgZmzUTBE7qXLTvbw]]></FromUserName>
<CreateTime>1555334097</CreateTime>
<MsgType><![CDATA[voice]]></MsgType>
<MediaId><![CDATA[12xFFXGBuhBbPKtVqimjDTeMOmLeYDcItZYAGM-Prh1XZz4gnmgDks22zKsZqatY]]></MediaId>
<Format><![CDATA[amr]]></Format>
<MsgId>22267027746432463</MsgId>
<Recognition><![CDATA[]]></Recognition>
</xml>
2019-04-15 13:21:32<xml><ToUserName><![CDATA[gh_58f350a932b4]]></ToUserName>
<FromUserName><![CDATA[oMdU-1ABC-2YgZmzUTBE7qXLTvbw]]></FromUserName>
<CreateTime>1555334097</CreateTime>
<MsgType><![CDATA[voice]]></MsgType>
<MediaId><![CDATA[12xFFXGBuhBbPKtVqimjDTeMOmLeYDcItZYAGM-Prh1XZz4gnmgDks22zKsZqatY]]></MediaId>
<Format><![CDATA[amr]]></Format>
<MsgId>22267027746432463</MsgId>
<Recognition><![CDATA[]]></Recognition>
</xml>
2019-04-15 13:25:23<xml><ToUserName><![CDATA[gh_58f350a932b4]]></ToUserName>
<FromUserName><![CDATA[oMdU-1ABC-2YgZmzUTBE7qXLTvbw]]></FromUserName>
<CreateTime>1555334097</CreateTime>
<MsgType><![CDATA[voice]]></MsgType>
<MediaId><![CDATA[12xFFXGBuhBbPKtVqimjDTeMOmLeYDcItZYAGM-Prh1XZz4gnmgDks22zKsZqatY]]></MediaId>
<Format><![CDATA[amr]]></Format>
<MsgId>22267027746432463</MsgId>
<Recognition><![CDATA[]]></Recognition>
</xml>
2019-04-15 13:26:03<xml><ToUserName><![CDATA[gh_58f350a932b4]]></ToUserName>
<FromUserName><![CDATA[oMdU-1ABC-2YgZmzUTBE7qXLTvbw]]></FromUserName>
<CreateTime>1555334097</CreateTime>
<MsgType><![CDATA[voice]]></MsgType>
<MediaId><![CDATA[12xFFXGBuhBbPKtVqimjDTeMOmLeYDcItZYAGM-Prh1XZz4gnmgDks22zKsZqatY]]></MediaId>
<Format><![CDATA[amr]]></Format>
<MsgId>22267027746432463</MsgId>
<Recognition><![CDATA[]]></Recognition>
</xml>
2019-04-15 13:27:19<xml><ToUserName><![CDATA[gh_58f350a932b4]]></ToUserName>
<FromUserName><![CDATA[oMdU-1ABC-2YgZmzUTBE7qXLTvbw]]></FromUserName>
<CreateTime>1555334109</CreateTime>
<MsgType><![CDATA[image]]></MsgType>
<PicUrl><![CDATA[http://mmbiz.qpic.cn/mmbiz_jpg/lJicRYBibaicGcgnCAvE1JlWiaL3jAiaiaqloj9ib9sZCNcjAkSdaMfIyZtndQ7F1yzqxdj9Jfmt6M8QtBibHNQp4fMdicA/0]]></PicUrl>
<MsgId>22267031678911356</MsgId>
<MediaId><![CDATA[j0BPlWK2jCfnOa1ElQJ-ABytGS6C-BdFMTRCuXOEKRpkHd96ULIq9I1vFL_LAyyr]]></MediaId>
</xml>
2019-04-15 13:27:36<xml><ToUserName><![CDATA[gh_58f350a932b4]]></ToUserName>
<FromUserName><![CDATA[oMdU-1ABC-2YgZmzUTBE7qXLTvbw]]></FromUserName>
<CreateTime>1555334109</CreateTime>
<MsgType><![CDATA[image]]></MsgType>
<PicUrl><![CDATA[http://mmbiz.qpic.cn/mmbiz_jpg/lJicRYBibaicGcgnCAvE1JlWiaL3jAiaiaqloj9ib9sZCNcjAkSdaMfIyZtndQ7F1yzqxdj9Jfmt6M8QtBibHNQp4fMdicA/0]]></PicUrl>
<MsgId>22267031678911356</MsgId>
<MediaId><![CDATA[j0BPlWK2jCfnOa1ElQJ-ABytGS6C-BdFMTRCuXOEKRpkHd96ULIq9I1vFL_LAyyr]]></MediaId>
</xml>
